Release 14.7 - xst P.20131013 (nt64)
Copyright (c) 1995-2013 Xilinx, Inc.  All rights reserved.
--> Parameter TMPDIR set to xst/projnav.tmp


Total REAL time to Xst completion: 0.00 secs
Total CPU time to Xst completion: 0.33 secs
 
--> Parameter xsthdpdir set to xst


Total REAL time to Xst completion: 0.00 secs
Total CPU time to Xst completion: 0.33 secs
 
--> Reading design: uart_rx.prj

TABLE OF CONTENTS
  1) Synthesis Options Summary
  2) HDL Parsing
  3) HDL Elaboration
  4) HDL Synthesis
       4.1) HDL Synthesis Report
  5) Advanced HDL Synthesis
       5.1) Advanced HDL Synthesis Report
  6) Low Level Synthesis
  7) Partition Report
  8) Design Summary
       8.1) Primitive and Black Box Usage
       8.2) Device utilization summary
       8.3) Partition Resource Summary
       8.4) Timing Report
            8.4.1) Clock Information
            8.4.2) Asynchronous Control Signals Information
            8.4.3) Timing Summary
            8.4.4) Timing Details
            8.4.5) Cross Clock Domains Report


=========================================================================
*                      Synthesis Options Summary                        *
=========================================================================
---- Source Parameters
Input File Name                    : "uart_rx.prj"
Ignore Synthesis Constraint File   : NO

---- Target Parameters
Output File Name                   : "uart_rx"
Output Format                      : NGC
Target Device                      : xc6slx100-2-fgg676

---- Source Options
Top Module Name                    : uart_rx
Automatic FSM Extraction           : YES
FSM Encoding Algorithm             : Auto
Safe Implementation                : No
FSM Style                          : LUT
RAM Extraction                     : Yes
RAM Style                          : Auto
ROM Extraction                     : Yes
Shift Register Extraction          : YES
ROM Style                          : Auto
Resource Sharing                   : YES
Asynchronous To Synchronous        : NO
Shift Register Minimum Size        : 2
Use DSP Block                      : Auto
Automatic Register Balancing       : No

---- Target Options
LUT Combining                      : Auto
Reduce Control Sets                : Auto
Add IO Buffers                     : YES
Global Maximum Fanout              : 100000
Add Generic Clock Buffer(BUFG)     : 16
Register Duplication               : YES
Optimize Instantiated Primitives   : NO
Use Clock Enable                   : Auto
Use Synchronous Set                : Auto
Use Synchronous Reset              : Auto
Pack IO Registers into IOBs        : Auto
Equivalent register Removal        : YES

---- General Options
Optimization Goal                  : Speed
Optimization Effort                : 1
Power Reduction                    : NO
Keep Hierarchy                     : No
Netlist Hierarchy                  : As_Optimized
RTL Output                         : Yes
Global Optimization                : AllClockNets
Read Cores                         : YES
Write Timing Constraints           : NO
Cross Clock Analysis               : NO
Hierarchy Separator                : /
Bus Delimiter                      : <>
Case Specifier                     : Maintain
Slice Utilization Ratio            : 100
BRAM Utilization Ratio             : 100
DSP48 Utilization Ratio            : 100
Auto BRAM Packing                  : NO
Slice Utilization Ratio Delta      : 5

---- Other Options
Cores Search Directories           : {"ipcore_dir"  }

=========================================================================


=========================================================================
*                          HDL Parsing                                  *
=========================================================================
Analyzing Verilog file "D:\CO\P8\uart.v" into library work
Parsing module <uart_count>.
Parsing module <uart_tx>.
Parsing module <uart_rx>.

=========================================================================
*                            HDL Elaboration                            *
=========================================================================

Elaborating module <uart_rx>.

Elaborating module <uart_count>.

=========================================================================
*                           HDL Synthesis                               *
=========================================================================

Synthesizing Unit <uart_rx>.
    Related source file is "D:\CO\P8\uart.v".
    Found 8-bit register for signal <buffer>.
    Found 3-bit register for signal <bit_count>.
    Found 8-bit register for signal <rx_data>.
    Found 1-bit register for signal <rx_ready>.
    Found 2-bit register for signal <state>.
    Found finite state machine <FSM_0> for signal <state>.
    -----------------------------------------------------------------------
    | States             | 4                                              |
    | Transitions        | 9                                              |
    | Inputs             | 3                                              |
    | Outputs            | 4                                              |
    | Clock              | clk (rising_edge)                              |
    | Reset              | rstn_INV_11_o (positive)                       |
    | Reset type         | synchronous                                    |
    | Reset State        | 00                                             |
    | Encoding           | auto                                           |
    | Implementation     | LUT                                            |
    -----------------------------------------------------------------------
    Found 3-bit subtractor for signal <bit_count[2]_GND_1_o_sub_9_OUT> created at line 166.
    Found 16-bit adder for signal <period[15]_GND_1_o_add_1_OUT> created at line 132.
    Summary:
	inferred   2 Adder/Subtractor(s).
	inferred  20 D-type flip-flop(s).
	inferred   2 Multiplexer(s).
	inferred   1 Finite State Machine(s).
Unit <uart_rx> synthesized.

Synthesizing Unit <uart_count>.
    Related source file is "D:\CO\P8\uart.v".
    Found 16-bit register for signal <count>.
    Found 16-bit adder for signal <count[15]_GND_2_o_add_8_OUT> created at line 43.
    Found 16-bit comparator equal for signal <q> created at line 43
    Summary:
	inferred   1 Adder/Subtractor(s).
	inferred  16 D-type flip-flop(s).
	inferred   1 Comparator(s).
	inferred   2 Multiplexer(s).
Unit <uart_count> synthesized.

=========================================================================
HDL Synthesis Report

Macro Statistics
# Adders/Subtractors                                   : 3
 16-bit adder                                          : 2
 3-bit subtractor                                      : 1
# Registers                                            : 5
 1-bit register                                        : 1
 16-bit register                                       : 1
 3-bit register                                        : 1
 8-bit register                                        : 2
# Comparators                                          : 1
 16-bit comparator equal                               : 1
# Multiplexers                                         : 4
 16-bit 2-to-1 multiplexer                             : 2
 3-bit 2-to-1 multiplexer                              : 1
 8-bit 2-to-1 multiplexer                              : 1
# FSMs                                                 : 1

=========================================================================

=========================================================================
*                       Advanced HDL Synthesis                          *
=========================================================================


Synthesizing (advanced) Unit <uart_rx>.
The following registers are absorbed into counter <bit_count>: 1 register on signal <bit_count>.
Unit <uart_rx> synthesized (advanced).

=========================================================================
Advanced HDL Synthesis Report

Macro Statistics
# Adders/Subtractors                                   : 2
 16-bit adder                                          : 2
# Counters                                             : 1
 3-bit down counter                                    : 1
# Registers                                            : 33
 Flip-Flops                                            : 33
# Comparators                                          : 1
 16-bit comparator equal                               : 1
# Multiplexers                                         : 3
 16-bit 2-to-1 multiplexer                             : 2
 8-bit 2-to-1 multiplexer                              : 1
# FSMs                                                 : 1

=========================================================================

=========================================================================
*                         Low Level Synthesis                           *
=========================================================================
Analyzing FSM <MFsm> for best encoding.
Optimizing FSM <FSM_0> on signal <state[1:2]> with gray encoding.
-------------------
 State | Encoding
-------------------
 00    | 00
 01    | 01
 10    | 11
 11    | 10
-------------------

Optimizing unit <uart_rx> ...

Optimizing unit <uart_count> ...

Mapping all equations...
Building and optimizing final netlist ...
Found area constraint ratio of 100 (+ 5) on block uart_rx, actual ratio is 0.

Final Macro Processing ...

=========================================================================
Final Register Report

Macro Statistics
# Registers                                            : 38
 Flip-Flops                                            : 38

=========================================================================

=========================================================================
*                           Partition Report                            *
=========================================================================

Partition Implementation Status
-------------------------------

  No Partitions were found in this design.

-------------------------------

=========================================================================
*                            Design Summary                             *
=========================================================================

Top Level Output File Name         : uart_rx.ngc

Primitive and Black Box Usage:
------------------------------
# BELS                             : 150
#      GND                         : 1
#      INV                         : 3
#      LUT1                        : 30
#      LUT2                        : 2
#      LUT3                        : 1
#      LUT4                        : 1
#      LUT5                        : 17
#      LUT6                        : 24
#      MUXCY                       : 38
#      VCC                         : 1
#      XORCY                       : 32
# FlipFlops/Latches                : 38
#      FDR                         : 38
# Clock Buffers                    : 1
#      BUFGP                       : 1
# IO Buffers                       : 28
#      IBUF                        : 19
#      OBUF                        : 9

Device utilization summary:
---------------------------

Selected Device : 6slx100fgg676-2 


Slice Logic Utilization: 
 Number of Slice Registers:              38  out of  126576     0%  
 Number of Slice LUTs:                   78  out of  63288     0%  
    Number used as Logic:                78  out of  63288     0%  

Slice Logic Distribution: 
 Number of LUT Flip Flop pairs used:     79
   Number with an unused Flip Flop:      41  out of     79    51%  
   Number with an unused LUT:             1  out of     79     1%  
   Number of fully used LUT-FF pairs:    37  out of     79    46%  
   Number of unique control sets:         2

IO Utilization: 
 Number of IOs:                          29
 Number of bonded IOBs:                  29  out of    480     6%  

Specific Feature Utilization:
 Number of BUFG/BUFGCTRLs:                1  out of     16     6%  

---------------------------
Partition Resource Summary:
---------------------------

  No Partitions were found in this design.

---------------------------


=========================================================================
Timing Report

NOTE: THESE TIMING NUMBERS ARE ONLY A SYNTHESIS ESTIMATE.
      FOR ACCURATE TIMING INFORMATION PLEASE REFER TO THE TRACE REPORT
      GENERATED AFTER PLACE-and-ROUTE.

Clock Information:
------------------
-----------------------------------+------------------------+-------+
Clock Signal                       | Clock buffer(FF name)  | Load  |
-----------------------------------+------------------------+-------+
clk                                | BUFGP                  | 38    |
-----------------------------------+------------------------+-------+

Asynchronous Control Signals Information:
----------------------------------------
No asynchronous control signals found in this design

Timing Summary:
---------------
Speed Grade: -2

   Minimum period: 5.513ns (Maximum Frequency: 181.378MHz)
   Minimum input arrival time before clock: 6.586ns
   Maximum output required time after clock: 4.162ns
   Maximum combinational path delay: No path found

Timing Details:
---------------
All values displayed in nanoseconds (ns)

=========================================================================
Timing constraint: Default period analysis for Clock 'clk'
  Clock period: 5.513ns (frequency: 181.378MHz)
  Total number of paths / destination ports: 5425 / 38
-------------------------------------------------------------------------
Delay:               5.513ns (Levels of Logic = 18)
  Source:            count/count_0 (FF)
  Destination:       state_FSM_FFd1 (FF)
  Source Clock:      clk rising
  Destination Clock: clk rising

  Data Path: count/count_0 to state_FSM_FFd1
                                Gate     Net
    Cell:in->out      fanout   Delay   Delay  Logical Name (Net Name)
    ----------------------------------------  ------------
     FDR:C->Q              1   0.525   0.681  count/count_0 (count/count_0)
     INV:I->O              1   0.255   0.000  count/Madd_count[15]_GND_2_o_add_8_OUT_lut<0>_INV_0 (count/Madd_count[15]_GND_2_o_add_8_OUT_lut<0>)
     MUXCY:S->O            1   0.215   0.000  count/Madd_count[15]_GND_2_o_add_8_OUT_cy<0> (count/Madd_count[15]_GND_2_o_add_8_OUT_cy<0>)
     MUXCY:CI->O           1   0.023   0.000  count/Madd_count[15]_GND_2_o_add_8_OUT_cy<1> (count/Madd_count[15]_GND_2_o_add_8_OUT_cy<1>)
     MUXCY:CI->O           1   0.023   0.000  count/Madd_count[15]_GND_2_o_add_8_OUT_cy<2> (count/Madd_count[15]_GND_2_o_add_8_OUT_cy<2>)
     MUXCY:CI->O           1   0.023   0.000  count/Madd_count[15]_GND_2_o_add_8_OUT_cy<3> (count/Madd_count[15]_GND_2_o_add_8_OUT_cy<3>)
     MUXCY:CI->O           1   0.023   0.000  count/Madd_count[15]_GND_2_o_add_8_OUT_cy<4> (count/Madd_count[15]_GND_2_o_add_8_OUT_cy<4>)
     MUXCY:CI->O           1   0.023   0.000  count/Madd_count[15]_GND_2_o_add_8_OUT_cy<5> (count/Madd_count[15]_GND_2_o_add_8_OUT_cy<5>)
     MUXCY:CI->O           1   0.023   0.000  count/Madd_count[15]_GND_2_o_add_8_OUT_cy<6> (count/Madd_count[15]_GND_2_o_add_8_OUT_cy<6>)
     MUXCY:CI->O           1   0.023   0.000  count/Madd_count[15]_GND_2_o_add_8_OUT_cy<7> (count/Madd_count[15]_GND_2_o_add_8_OUT_cy<7>)
     MUXCY:CI->O           1   0.023   0.000  count/Madd_count[15]_GND_2_o_add_8_OUT_cy<8> (count/Madd_count[15]_GND_2_o_add_8_OUT_cy<8>)
     MUXCY:CI->O           1   0.023   0.000  count/Madd_count[15]_GND_2_o_add_8_OUT_cy<9> (count/Madd_count[15]_GND_2_o_add_8_OUT_cy<9>)
     MUXCY:CI->O           1   0.023   0.000  count/Madd_count[15]_GND_2_o_add_8_OUT_cy<10> (count/Madd_count[15]_GND_2_o_add_8_OUT_cy<10>)
     MUXCY:CI->O           1   0.023   0.000  count/Madd_count[15]_GND_2_o_add_8_OUT_cy<11> (count/Madd_count[15]_GND_2_o_add_8_OUT_cy<11>)
     XORCY:CI->O           2   0.206   0.954  count/Madd_count[15]_GND_2_o_add_8_OUT_xor<12> (count/count[15]_GND_2_o_add_8_OUT<12>)
     LUT6:I3->O            1   0.235   0.000  count/Mcompar_q_lut<4> (count/Mcompar_q_lut<4>)
     MUXCY:S->O            1   0.215   0.000  count/Mcompar_q_cy<4> (count/Mcompar_q_cy<4>)
     MUXCY:CI->O          38   0.023   1.620  count/Mcompar_q_cy<5> (count_q)
     LUT3:I2->O            1   0.254   0.000  state_FSM_FFd1-In1 (state_FSM_FFd1-In)
     FDR:D                     0.074          state_FSM_FFd1
    ----------------------------------------
    Total                      5.513ns (2.258ns logic, 3.255ns route)
                                       (41.0% logic, 59.0% route)

=========================================================================
Timing constraint: Default OFFSET IN BEFORE for Clock 'clk'
  Total number of paths / destination ports: 5247 / 76
-------------------------------------------------------------------------
Offset:              6.586ns (Levels of Logic = 20)
  Source:            period<1> (PAD)
  Destination:       state_FSM_FFd1 (FF)
  Destination Clock: clk rising

  Data Path: period<1> to state_FSM_FFd1
                                Gate     Net
    Cell:in->out      fanout   Delay   Delay  Logical Name (Net Name)
    ----------------------------------------  ------------
     IBUF:I->O             2   1.328   0.726  period_1_IBUF (period_1_IBUF)
     LUT1:I0->O            1   0.254   0.000  Madd_period[15]_GND_1_o_add_1_OUT_cy<1>_rt (Madd_period[15]_GND_1_o_add_1_OUT_cy<1>_rt)
     MUXCY:S->O            1   0.215   0.000  Madd_period[15]_GND_1_o_add_1_OUT_cy<1> (Madd_period[15]_GND_1_o_add_1_OUT_cy<1>)
     MUXCY:CI->O           1   0.023   0.000  Madd_period[15]_GND_1_o_add_1_OUT_cy<2> (Madd_period[15]_GND_1_o_add_1_OUT_cy<2>)
     MUXCY:CI->O           1   0.023   0.000  Madd_period[15]_GND_1_o_add_1_OUT_cy<3> (Madd_period[15]_GND_1_o_add_1_OUT_cy<3>)
     MUXCY:CI->O           1   0.023   0.000  Madd_period[15]_GND_1_o_add_1_OUT_cy<4> (Madd_period[15]_GND_1_o_add_1_OUT_cy<4>)
     MUXCY:CI->O           1   0.023   0.000  Madd_period[15]_GND_1_o_add_1_OUT_cy<5> (Madd_period[15]_GND_1_o_add_1_OUT_cy<5>)
     MUXCY:CI->O           1   0.023   0.000  Madd_period[15]_GND_1_o_add_1_OUT_cy<6> (Madd_period[15]_GND_1_o_add_1_OUT_cy<6>)
     MUXCY:CI->O           1   0.023   0.000  Madd_period[15]_GND_1_o_add_1_OUT_cy<7> (Madd_period[15]_GND_1_o_add_1_OUT_cy<7>)
     MUXCY:CI->O           1   0.023   0.000  Madd_period[15]_GND_1_o_add_1_OUT_cy<8> (Madd_period[15]_GND_1_o_add_1_OUT_cy<8>)
     MUXCY:CI->O           1   0.023   0.000  Madd_period[15]_GND_1_o_add_1_OUT_cy<9> (Madd_period[15]_GND_1_o_add_1_OUT_cy<9>)
     MUXCY:CI->O           1   0.023   0.000  Madd_period[15]_GND_1_o_add_1_OUT_cy<10> (Madd_period[15]_GND_1_o_add_1_OUT_cy<10>)
     MUXCY:CI->O           1   0.023   0.000  Madd_period[15]_GND_1_o_add_1_OUT_cy<11> (Madd_period[15]_GND_1_o_add_1_OUT_cy<11>)
     MUXCY:CI->O           1   0.023   0.000  Madd_period[15]_GND_1_o_add_1_OUT_cy<12> (Madd_period[15]_GND_1_o_add_1_OUT_cy<12>)
     MUXCY:CI->O           1   0.023   0.000  Madd_period[15]_GND_1_o_add_1_OUT_cy<13> (Madd_period[15]_GND_1_o_add_1_OUT_cy<13>)
     XORCY:CI->O           1   0.206   1.137  Madd_period[15]_GND_1_o_add_1_OUT_xor<14> (period[15]_GND_1_o_add_1_OUT<14>)
     LUT6:I0->O            1   0.254   0.000  count/Mcompar_q_lut<4> (count/Mcompar_q_lut<4>)
     MUXCY:S->O            1   0.215   0.000  count/Mcompar_q_cy<4> (count/Mcompar_q_cy<4>)
     MUXCY:CI->O          38   0.023   1.620  count/Mcompar_q_cy<5> (count_q)
     LUT3:I2->O            1   0.254   0.000  state_FSM_FFd1-In1 (state_FSM_FFd1-In)
     FDR:D                     0.074          state_FSM_FFd1
    ----------------------------------------
    Total                      6.586ns (3.102ns logic, 3.483ns route)
                                       (47.1% logic, 52.9% route)

=========================================================================
Timing constraint: Default OFFSET OUT AFTER for Clock 'clk'
  Total number of paths / destination ports: 9 / 9
-------------------------------------------------------------------------
Offset:              4.162ns (Levels of Logic = 1)
  Source:            rx_data_7 (FF)
  Destination:       rx_data<7> (PAD)
  Source Clock:      clk rising

  Data Path: rx_data_7 to rx_data<7>
                                Gate     Net
    Cell:in->out      fanout   Delay   Delay  Logical Name (Net Name)
    ----------------------------------------  ------------
     FDR:C->Q              2   0.525   0.725  rx_data_7 (rx_data_7)
     OBUF:I->O                 2.912          rx_data_7_OBUF (rx_data<7>)
    ----------------------------------------
    Total                      4.162ns (3.437ns logic, 0.725ns route)
                                       (82.6% logic, 17.4% route)

=========================================================================

Cross Clock Domains Report:
--------------------------

Clock to Setup on destination clock clk
---------------+---------+---------+---------+---------+
               | Src:Rise| Src:Fall| Src:Rise| Src:Fall|
Source Clock   |Dest:Rise|Dest:Rise|Dest:Fall|Dest:Fall|
---------------+---------+---------+---------+---------+
clk            |    5.513|         |         |         |
---------------+---------+---------+---------+---------+

=========================================================================


Total REAL time to Xst completion: 4.00 secs
Total CPU time to Xst completion: 3.74 secs
 
--> 

Total memory usage is 4487900 kilobytes

Number of errors   :    0 (   0 filtered)
Number of warnings :    0 (   0 filtered)
Number of infos    :    0 (   0 filtered)

